<?xml version="1.0" encoding="UTF-8"?>
<!-- Generated by org.testng.reporters.JUnitReportReporter -->
<testsuite hostname="DESKTOP-A56GNUH" failures="0" tests="2" name="TC004PayBills" time="23.224" errors="0" timestamp="30 May 2020 19:06:17 GMT" skipped="0">
  <testcase classname="TC004PayBills" name="verifyLogin" time="9.159"/>
  <testcase classname="TC004PayBills" name="verifyPayBills" time="14.065"/>
</testsuite> <!-- TC004PayBills -->
