<?xml version="1.0" encoding="UTF-8"?>
<!-- Generated by org.testng.reporters.JUnitReportReporter -->
<testsuite hostname="DESKTOP-A56GNUH" failures="0" tests="1" name="TC001Login" time="10.324" errors="0" timestamp="30 May 2020 18:20:57 GMT" skipped="0">
  <testcase classname="TC001Login" name="verifyLogin" time="10.324"/>
</testsuite> <!-- TC001Login -->
