<?xml version="1.0" encoding="UTF-8"?>
<!-- Generated by org.testng.reporters.JUnitReportReporter -->
<testsuite hostname="DESKTOP-A56GNUH" failures="0" tests="2" name="regression.TC003TransferFund" time="22.394" errors="0" timestamp="30 May 2020 19:13:07 GMT" skipped="0">
  <testcase classname="regression.TC003TransferFund" name="verifyLogin" time="8.490"/>
  <testcase classname="regression.TC003TransferFund" name="verifyTransferFund" time="13.904"/>
</testsuite> <!-- regression.TC003TransferFund -->
