<?xml version="1.0" encoding="UTF-8"?>
<!-- Generated by org.testng.reporters.JUnitReportReporter -->
<testsuite hostname="DESKTOP-A56GNUH" failures="0" tests="3" name="regression.TC002AddPayeeDataDriven" time="29.822" errors="0" timestamp="08 Jun 2020 03:57:27 GMT" skipped="0">
  <testcase classname="regression.TC002AddPayeeDataDriven" name="verifyAddPayee" time="9.410"/>
  <testcase classname="regression.TC002AddPayeeDataDriven" name="verifyAddPayee" time="9.369"/>
  <testcase classname="regression.TC002AddPayeeDataDriven" name="verifyAddPayee" time="11.043"/>
</testsuite> <!-- regression.TC002AddPayeeDataDriven -->
