<?xml version="1.0" encoding="UTF-8"?>
<!-- Generated by org.testng.reporters.JUnitReportReporter -->
<testsuite hostname="DESKTOP-A56GNUH" failures="0" tests="2" name="regression.TC004PayBills" time="24.930" errors="0" timestamp="30 May 2020 19:13:07 GMT" skipped="0">
  <testcase classname="regression.TC004PayBills" name="verifyPayBills" time="16.240"/>
  <testcase classname="regression.TC004PayBills" name="verifyLogin" time="8.690"/>
</testsuite> <!-- regression.TC004PayBills -->
