<?xml version="1.0" encoding="UTF-8"?>
<!-- Generated by org.testng.reporters.JUnitReportReporter -->
<testsuite hostname="DESKTOP-A56GNUH" failures="0" tests="2" name="regression.TC005OnlineStatement" time="24.520" errors="0" timestamp="30 May 2020 19:13:07 GMT" skipped="0">
  <testcase classname="regression.TC005OnlineStatement" name="verifyLogin" time="9.721"/>
  <testcase classname="regression.TC005OnlineStatement" name="verifyOnlineStatement" time="14.799"/>
</testsuite> <!-- regression.TC005OnlineStatement -->
