<?xml version="1.0" encoding="UTF-8"?>
<!-- Generated by org.testng.reporters.JUnitReportReporter -->
<testsuite hostname="DESKTOP-A56GNUH" failures="0" tests="2" name="TC002AddPayee" time="30.261" errors="0" timestamp="30 May 2020 18:23:03 GMT" skipped="0">
  <testcase classname="TC002AddPayee" name="verifyAddPayee" time="19.237"/>
  <testcase classname="TC002AddPayee" name="verifyLogin" time="11.024"/>
</testsuite> <!-- TC002AddPayee -->
