<?xml version="1.0" encoding="UTF-8"?>
<!-- Generated by org.testng.reporters.JUnitReportReporter -->
<testsuite hostname="DESKTOP-A56GNUH" failures="0" tests="1" name="regression.TC001Login" time="8.875" errors="0" timestamp="25 Jun 2020 04:32:33 GMT" skipped="0">
  <testcase classname="regression.TC001Login" name="verifyLogin" time="8.875"/>
</testsuite> <!-- regression.TC001Login -->
