<?xml version="1.0" encoding="UTF-8"?>
<!-- Generated by org.testng.reporters.JUnitReportReporter -->
<testsuite hostname="DESKTOP-A56GNUH" failures="0" tests="1" name="regression.testcaseListener" time="9.674" errors="0" timestamp="20 Jun 2020 17:37:16 GMT" skipped="0">
  <testcase classname="regression.testcaseListener" name="login" time="9.674"/>
</testsuite> <!-- regression.testcaseListener -->
