<?xml version="1.0" encoding="UTF-8"?>
<!-- Generated by org.testng.reporters.JUnitReportReporter -->
<testsuite hostname="DESKTOP-A56GNUH" failures="0" tests="1" name="regression.TC001LoginExtentReports" time="9.455" errors="0" timestamp="25 Jun 2020 04:41:13 GMT" skipped="0">
  <testcase classname="regression.TC001LoginExtentReports" name="verifyLogin" time="9.455"/>
</testsuite> <!-- regression.TC001LoginExtentReports -->
